<?xml version="1.0" encoding="UTF-8"?>
<!-- Generated by org.testng.reporters.JUnitReportReporter -->
<testsuite hostname="DESKTOP-HINEK34" failures="0" tests="1" name="testng.NewTest" time="0.021" errors="0" timestamp="2020-11-25T18:56:47 IST" skipped="0">
  <testcase classname="testng.NewTest" name="f" time="0.021"/>
  <system-out/>
</testsuite> <!-- testng.NewTest -->
