<?xml version="1.0" encoding="UTF-8"?>
<!-- Generated by org.testng.reporters.JUnitReportReporter -->
<testsuite skipped="0" hostname="DESKTOP-HINEK34" name="Selenium_Baiscs.DropDown" tests="1" failures="0" timestamp="2020-11-26T19:38:37 IST" time="2.580" errors="0">
  <testcase name="dropDownTest" time="2.580" classname="Selenium_Baiscs.DropDown"/>
  <system-out/>
</testsuite> <!-- Selenium_Baiscs.DropDown -->
