<?xml version="1.0" encoding="UTF-8"?>
<!-- Generated by org.testng.reporters.JUnitReportReporter -->
<testsuite skipped="0" hostname="DESKTOP-HINEK34" name="Selenium_Baiscs.DropDown" tests="1" failures="0" timestamp="2020-11-30T19:37:42 IST" time="3.017" errors="0">
  <testcase name="dropDownTest" time="3.017" classname="Selenium_Baiscs.DropDown"/>
  <system-out/>
</testsuite> <!-- Selenium_Baiscs.DropDown -->
