<?xml version="1.0" encoding="UTF-8"?>
<!-- Generated by org.testng.reporters.JUnitReportReporter -->
<testsuite skipped="0" hostname="DESKTOP-HINEK34" name="Selenium_Baiscs.SetSize" tests="1" failures="0" timestamp="2020-11-26T19:07:32 IST" time="8.597" errors="0">
  <testcase name="setSize" time="8.597" classname="Selenium_Baiscs.SetSize"/>
  <system-out/>
</testsuite> <!-- Selenium_Baiscs.SetSize -->
