<?xml version="1.0" encoding="UTF-8"?>
<!-- Generated by org.testng.reporters.JUnitReportReporter -->
<testsuite skipped="0" hostname="DESKTOP-HINEK34" name="Selenium_Baiscs.Xpath" tests="1" failures="0" timestamp="2020-11-30T19:53:53 IST" time="10.356" errors="0">
  <testcase name="xPath" time="10.356" classname="Selenium_Baiscs.Xpath"/>
  <system-out/>
</testsuite> <!-- Selenium_Baiscs.Xpath -->
