<?xml version="1.0" encoding="UTF-8"?>
<!-- Generated by org.testng.reporters.JUnitReportReporter -->
<testsuite skipped="0" hostname="DESKTOP-HINEK34" name="Selenium_Baiscs.Xpath" tests="1" failures="0" timestamp="2020-11-26T20:02:20 IST" time="0.723" errors="0">
  <testcase name="xPath" time="0.723" classname="Selenium_Baiscs.Xpath"/>
  <system-out/>
</testsuite> <!-- Selenium_Baiscs.Xpath -->
